
Showing logs for build [32msalaboy-fmtok8s-kubecon-app-pr-j4twl-1[0m stage [32mfrom-build-pack[0m and container [32mstep-credential-initializer-642dz[0m
{"level":"warn","ts":1583229397.3854876,"logger":"fallback-logger","caller":"logging/config.go:69","msg":"Fetch GitHub commit ID from kodata failed: \"ref: refs/heads/0.8.0-**-support-backwards-incompats\" is not a valid GitHub commit ID"}
{"level":"info","ts":1583229397.3861678,"logger":"fallback-logger","caller":"creds-init/main.go:40","msg":"Credentials initialized."}

Showing logs for build [32msalaboy-fmtok8s-kubecon-app-pr-j4twl-1[0m stage [32mfrom-build-pack[0m and container [32mstep-working-dir-initializer-ttw2x[0m
{"level":"warn","ts":1583229398.4667106,"logger":"fallback-logger","caller":"logging/config.go:69","msg":"Fetch GitHub commit ID from kodata failed: open /var/run/ko/HEAD: no such file or directory"}
{"level":"info","ts":1583229398.4686012,"logger":"fallback-logger","caller":"bash/main.go:64","msg":"Successfully executed command \"sh -c mkdir -p /workspace/source\"; output "}

Showing logs for build [32msalaboy-fmtok8s-kubecon-app-pr-j4twl-1[0m stage [32mfrom-build-pack[0m and container [32mstep-place-tools[0m

Showing logs for build [32msalaboy-fmtok8s-kubecon-app-pr-j4twl-1[0m stage [32mfrom-build-pack[0m and container [32mstep-git-source-salaboy-fmtok8s-kubecon-app-pr-j4twl-4gv57[0m
{"level":"warn","ts":1583229402.627785,"logger":"fallback-logger","caller":"logging/config.go:69","msg":"Fetch GitHub commit ID from kodata failed: \"ref: refs/heads/0.8.0-**-support-backwards-incompats\" is not a valid GitHub commit ID"}
{"level":"info","ts":1583229403.6504922,"logger":"fallback-logger","caller":"git/git.go:103","msg":"Successfully cloned https://github.com/*******/fmtok8s-kubecon-app.git @ master in path /workspace/source"}

Showing logs for build [32msalaboy-fmtok8s-kubecon-app-pr-j4twl-1[0m stage [32mfrom-build-pack[0m and container [32mstep-git-merge[0m
Using SHAs from PULL_REFS=master:14ddeb69463127ee63bacbf1fcf27936345dd5bf,1:58aada4b3f823801157a47bbda3cec0439111d71
DEBUG: JX_LOG_LEVEL=error LC_ALL=C git fetch origin --unshallow 58aada4b3f823801157a47bbda3cec0439111d71: 14ddeb69463127ee63bacbf1fcf27936345dd5bf:
DEBUG: ran git fetch --unshallow origin 58aada4b3f823801157a47bbda3cec0439111d71: 14ddeb69463127ee63bacbf1fcf27936345dd5bf: in 
DEBUG: LC_ALL=C JX_LOG_LEVEL=error git branch
DEBUG: LC_ALL=C JX_LOG_LEVEL=error git checkout master
DEBUG: ran git checkout master in 
DEBUG: LC_ALL=C JX_LOG_LEVEL=error git reset --hard 14ddeb69463127ee63bacbf1fcf27936345dd5bf
DEBUG: ran git reset --hard 14ddeb69463127ee63bacbf1fcf27936345dd5bf in 
DEBUG: LC_ALL=C JX_LOG_LEVEL=error git clean -fd .
DEBUG: ran clean --force -d . in 
DEBUG: LC_ALL=C JX_LOG_LEVEL=error git merge 58aada4b3f823801157a47bbda3cec0439111d71
DEBUG: ran git merge 58aada4b3f823801157a47bbda3cec0439111d71 in 
DEBUG: LC_ALL=C JX_LOG_LEVEL=error git log --format=%H%x1f%an%x1f%ae%x1f%cn%x1f%ce%x1f%s%n%b%x1e 14ddeb69463127ee63bacbf1fcf27936345dd5bf..HEAD
Merged SHA 58aada4b3f823801157a47bbda3cec0439111d71 with commit message 'chore(deps): bump https://github.com/*******/fmtok8s-api-gateway from 0.0.31 to 0.0.34' into base branch master

Showing logs for build [32msalaboy-fmtok8s-kubecon-app-pr-j4twl-1[0m stage [32mfrom-build-pack[0m and container [32mstep-build-build[0m
make: *** No rule to make target `build'.  Stop.
[31m
Pipeline failed on stage 'from-build-pack' : container 'step-build-build'. The execution of the pipeline has stopped.[0m
