
Showing logs for build [32msalaboy-fmtok8s-kubecon-app-pr-q5tzl-4[0m stage [32mfrom-build-pack[0m and container [32mstep-credential-initializer-h87fw[0m
{"level":"warn","ts":1583233355.3031886,"logger":"fallback-logger","caller":"logging/config.go:69","msg":"Fetch GitHub commit ID from kodata failed: \"ref: refs/heads/0.8.0-**-support-backwards-incompats\" is not a valid GitHub commit ID"}
{"level":"info","ts":1583233355.3037243,"logger":"fallback-logger","caller":"creds-init/main.go:40","msg":"Credentials initialized."}

Showing logs for build [32msalaboy-fmtok8s-kubecon-app-pr-q5tzl-4[0m stage [32mfrom-build-pack[0m and container [32mstep-working-dir-initializer-dqxd6[0m
{"level":"warn","ts":1583233357.0497332,"logger":"fallback-logger","caller":"logging/config.go:69","msg":"Fetch GitHub commit ID from kodata failed: open /var/run/ko/HEAD: no such file or directory"}
{"level":"info","ts":1583233357.0626817,"logger":"fallback-logger","caller":"bash/main.go:64","msg":"Successfully executed command \"sh -c mkdir -p /workspace/source\"; output "}

Showing logs for build [32msalaboy-fmtok8s-kubecon-app-pr-q5tzl-4[0m stage [32mfrom-build-pack[0m and container [32mstep-place-tools[0m

Showing logs for build [32msalaboy-fmtok8s-kubecon-app-pr-q5tzl-4[0m stage [32mfrom-build-pack[0m and container [32mstep-git-source-salaboy-fmtok8s-kubecon-app-pr-q5tzl-swr2n[0m
{"level":"warn","ts":1583233363.492342,"logger":"fallback-logger","caller":"logging/config.go:69","msg":"Fetch GitHub commit ID from kodata failed: \"ref: refs/heads/0.8.0-**-support-backwards-incompats\" is not a valid GitHub commit ID"}
{"level":"info","ts":1583233365.012363,"logger":"fallback-logger","caller":"git/git.go:103","msg":"Successfully cloned https://github.com/*******/fmtok8s-kubecon-app.git @ master in path /workspace/source"}

Showing logs for build [32msalaboy-fmtok8s-kubecon-app-pr-q5tzl-4[0m stage [32mfrom-build-pack[0m and container [32mstep-git-merge[0m
Using SHAs from PULL_REFS=master:14ddeb69463127ee63bacbf1fcf27936345dd5bf,1:bbde79d2ecfc8a5d0630cc3bc06e541bf27fd363
DEBUG: LC_ALL=C JX_LOG_LEVEL=error git fetch origin --unshallow bbde79d2ecfc8a5d0630cc3bc06e541bf27fd363: 14ddeb69463127ee63bacbf1fcf27936345dd5bf:
DEBUG: ran git fetch --unshallow origin bbde79d2ecfc8a5d0630cc3bc06e541bf27fd363: 14ddeb69463127ee63bacbf1fcf27936345dd5bf: in 
DEBUG: LC_ALL=C JX_LOG_LEVEL=error git branch
DEBUG: LC_ALL=C JX_LOG_LEVEL=error git checkout master
DEBUG: ran git checkout master in 
DEBUG: LC_ALL=C JX_LOG_LEVEL=error git reset --hard 14ddeb69463127ee63bacbf1fcf27936345dd5bf
DEBUG: ran git reset --hard 14ddeb69463127ee63bacbf1fcf27936345dd5bf in 
DEBUG: LC_ALL=C JX_LOG_LEVEL=error git clean -fd .
DEBUG: ran clean --force -d . in 
DEBUG: LC_ALL=C JX_LOG_LEVEL=error git merge bbde79d2ecfc8a5d0630cc3bc06e541bf27fd363
DEBUG: ran git merge bbde79d2ecfc8a5d0630cc3bc06e541bf27fd363 in 
DEBUG: LC_ALL=C JX_LOG_LEVEL=error git log --format=%H%x1f%an%x1f%ae%x1f%cn%x1f%ce%x1f%s%n%b%x1e 14ddeb69463127ee63bacbf1fcf27936345dd5bf..HEAD
Merged SHA bbde79d2ecfc8a5d0630cc3bc06e541bf27fd363 with commit message 'chore(deps): bump https://github.com/*******/fmtok8s-email from 0.0.5 to 0.0.6' into base branch master
Merged SHA 07fbb69352e8e5c2783e8aaeff2a93382e3347c2 with commit message 'chore(deps): bump https://github.com/*******/fmtok8s-agenda from 0.0.8 to 0.0.10' into base branch master
Merged SHA b98d06c56e188fa6afd0c2611d2cc488f2326e8a with commit message 'chore(deps): bump https://github.com/*******/fmtok8s-c4p to 0.0.19' into base branch master
Merged SHA 58aada4b3f823801157a47bbda3cec0439111d71 with commit message 'chore(deps): bump https://github.com/*******/fmtok8s-api-gateway from 0.0.31 to 0.0.34' into base branch master

Showing logs for build [32msalaboy-fmtok8s-kubecon-app-pr-q5tzl-4[0m stage [32mfrom-build-pack[0m and container [32mstep-build-build[0m
make: *** No rule to make target `build'.  Stop.
[31m
Pipeline failed on stage 'from-build-pack' : container 'step-build-build'. The execution of the pipeline has stopped.[0m
