
Showing logs for build [32msalaboy-fmtok8s-kubecon-app-pr-c9whv-5[0m stage [32mfrom-build-pack[0m and container [32mstep-credential-initializer-xg8zn[0m
{"level":"warn","ts":1583234469.6795032,"logger":"fallback-logger","caller":"logging/config.go:69","msg":"Fetch GitHub commit ID from kodata failed: \"ref: refs/heads/0.8.0-**-support-backwards-incompats\" is not a valid GitHub commit ID"}
{"level":"info","ts":1583234469.6801376,"logger":"fallback-logger","caller":"creds-init/main.go:40","msg":"Credentials initialized."}

Showing logs for build [32msalaboy-fmtok8s-kubecon-app-pr-c9whv-5[0m stage [32mfrom-build-pack[0m and container [32mstep-working-dir-initializer-xg5kg[0m
{"level":"warn","ts":1583234470.918051,"logger":"fallback-logger","caller":"logging/config.go:69","msg":"Fetch GitHub commit ID from kodata failed: open /var/run/ko/HEAD: no such file or directory"}
{"level":"info","ts":1583234470.9201267,"logger":"fallback-logger","caller":"bash/main.go:64","msg":"Successfully executed command \"sh -c mkdir -p /workspace/source\"; output "}

Showing logs for build [32msalaboy-fmtok8s-kubecon-app-pr-c9whv-5[0m stage [32mfrom-build-pack[0m and container [32mstep-place-tools[0m

Showing logs for build [32msalaboy-fmtok8s-kubecon-app-pr-c9whv-5[0m stage [32mfrom-build-pack[0m and container [32mstep-git-source-salaboy-fmtok8s-kubecon-app-pr-c9whv-2dwjp[0m
{"level":"warn","ts":1583234473.9790082,"logger":"fallback-logger","caller":"logging/config.go:69","msg":"Fetch GitHub commit ID from kodata failed: \"ref: refs/heads/0.8.0-**-support-backwards-incompats\" is not a valid GitHub commit ID"}
{"level":"info","ts":1583234475.0271804,"logger":"fallback-logger","caller":"git/git.go:103","msg":"Successfully cloned https://github.com/*******/fmtok8s-kubecon-app.git @ master in path /workspace/source"}

Showing logs for build [32msalaboy-fmtok8s-kubecon-app-pr-c9whv-5[0m stage [32mfrom-build-pack[0m and container [32mstep-git-merge[0m
Using SHAs from PULL_REFS=master:278f5eb6f45d25e06676ca10c01181edf2d898a1,1:24294826278f846c98b804a04669251b863f024c
DEBUG: JX_LOG_LEVEL=error LC_ALL=C git fetch origin --unshallow 24294826278f846c98b804a04669251b863f024c: 278f5eb6f45d25e06676ca10c01181edf2d898a1:
DEBUG: ran git fetch --unshallow origin 24294826278f846c98b804a04669251b863f024c: 278f5eb6f45d25e06676ca10c01181edf2d898a1: in 
DEBUG: LC_ALL=C JX_LOG_LEVEL=error git branch
DEBUG: LC_ALL=C JX_LOG_LEVEL=error git checkout master
DEBUG: ran git checkout master in 
DEBUG: LC_ALL=C JX_LOG_LEVEL=error git reset --hard 278f5eb6f45d25e06676ca10c01181edf2d898a1
DEBUG: ran git reset --hard 278f5eb6f45d25e06676ca10c01181edf2d898a1 in 
DEBUG: LC_ALL=C JX_LOG_LEVEL=error git clean -fd .
DEBUG: ran clean --force -d . in 
DEBUG: LC_ALL=C JX_LOG_LEVEL=error git merge 24294826278f846c98b804a04669251b863f024c
DEBUG: ran git merge 24294826278f846c98b804a04669251b863f024c in 
DEBUG: JX_LOG_LEVEL=error LC_ALL=C git log --format=%H%x1f%an%x1f%ae%x1f%cn%x1f%ce%x1f%s%n%b%x1e 278f5eb6f45d25e06676ca10c01181edf2d898a1..HEAD
Merged SHA ca0d837eb5cc23c099cffa43d721aaaad7f94bcd with commit message 'Merge commit '24294826278f846c98b804a04669251b863f024c'' into base branch master
Merged SHA 24294826278f846c98b804a04669251b863f024c with commit message 'Update requirements.yaml' into base branch master
Merged SHA bbde79d2ecfc8a5d0630cc3bc06e541bf27fd363 with commit message 'chore(deps): bump https://github.com/*******/fmtok8s-email from 0.0.5 to 0.0.6' into base branch master
Merged SHA 07fbb69352e8e5c2783e8aaeff2a93382e3347c2 with commit message 'chore(deps): bump https://github.com/*******/fmtok8s-agenda from 0.0.8 to 0.0.10' into base branch master
Merged SHA b98d06c56e188fa6afd0c2611d2cc488f2326e8a with commit message 'chore(deps): bump https://github.com/*******/fmtok8s-c4p to 0.0.19' into base branch master
Merged SHA 58aada4b3f823801157a47bbda3cec0439111d71 with commit message 'chore(deps): bump https://github.com/*******/fmtok8s-api-gateway from 0.0.31 to 0.0.34' into base branch master

Showing logs for build [32msalaboy-fmtok8s-kubecon-app-pr-c9whv-5[0m stage [32mfrom-build-pack[0m and container [32mstep-build-build[0m
cat: /builder/home/basic-auth-user.json: No such file or directory
cat: /builder/home/basic-auth-pass.json: No such file or directory
rm -rf kubecon-app/charts
rm -rf kubecon-app/kubecon-app*.tgz
rm -rf kubecon-app/requirements.lock
helm init --client-only
Creating /builder/home/.helm 
Creating /builder/home/.helm/repository 
Creating /builder/home/.helm/repository/cache 
Creating /builder/home/.helm/repository/local 
Creating /builder/home/.helm/plugins 
Creating /builder/home/.helm/starters 
Creating /builder/home/.helm/cache/archive 
Creating /builder/home/.helm/repository/repositories.yaml 
Adding stable repo with URL: https://kubernetes-charts.storage.googleapis.com 
Adding local repo with URL: http://127.0.0.1:8879/charts 
$HELM_HOME has been configured at /builder/home/.helm.
Not installing Tiller due to 'client-only' flag having been set
helm repo add jenkins-x http://chartmuseum.jenkins-x.io
"jenkins-x" has been added to your repositories
helm repo add releases http://jenkins-x-chartmuseum:8080
"releases" has been added to your repositories
helm dependency build kubecon-app
Hang tight while we grab the latest from your chart repositories...
...Unable to get an update from the "local" chart repository (http://127.0.0.1:8879/charts):
	Get http://127.0.0.1:8879/charts/index.yaml: dial tcp 127.0.0.1:8879: connect: connection refused
...Successfully got an update from the "releases" chart repository
...Successfully got an update from the "jenkins-x" chart repository
...Successfully got an update from the "stable" chart repository
Update Complete.
Saving 4 charts
Downloading fmtok8s-agenda from repo http://jenkins-x-chartmuseum:8080
Downloading fmtok8s-c4p from repo http://jenkins-x-chartmuseum:8080
Downloading fmtok8s-api-gateway from repo http://jenkins-x-chartmuseum:8080
Downloading fmtok8s-email from repo http://jenkins-x-chartmuseum:8080
Deleting outdated charts
helm lint kubecon-app
==> Linting kubecon-app
Lint OK

1 chart(s) linted, no failures
