
Showing logs for build [32msalaboy-fmtok8s-kubecon-app-pr-2bz4x-1[0m stage [32mfrom-build-pack[0m and container [32mstep-credential-initializer-gbps4[0m
{"level":"warn","ts":1583747702.6675332,"logger":"fallback-logger","caller":"logging/config.go:69","msg":"Fetch GitHub commit ID from kodata failed: \"ref: refs/heads/0.8.0-**-support-backwards-incompats\" is not a valid GitHub commit ID"}
{"level":"info","ts":1583747702.6686351,"logger":"fallback-logger","caller":"creds-init/main.go:40","msg":"Credentials initialized."}

Showing logs for build [32msalaboy-fmtok8s-kubecon-app-pr-2bz4x-1[0m stage [32mfrom-build-pack[0m and container [32mstep-working-dir-initializer-4hfw5[0m
{"level":"warn","ts":1583747703.5751495,"logger":"fallback-logger","caller":"logging/config.go:69","msg":"Fetch GitHub commit ID from kodata failed: open /var/run/ko/HEAD: no such file or directory"}
{"level":"info","ts":1583747703.5764613,"logger":"fallback-logger","caller":"bash/main.go:64","msg":"Successfully executed command \"sh -c mkdir -p /workspace/source\"; output "}

Showing logs for build [32msalaboy-fmtok8s-kubecon-app-pr-2bz4x-1[0m stage [32mfrom-build-pack[0m and container [32mstep-place-tools[0m

Showing logs for build [32msalaboy-fmtok8s-kubecon-app-pr-2bz4x-1[0m stage [32mfrom-build-pack[0m and container [32mstep-git-source-salaboy-fmtok8s-kubecon-app-pr-2bz4x-wrtg4[0m
{"level":"warn","ts":1583747708.7005403,"logger":"fallback-logger","caller":"logging/config.go:69","msg":"Fetch GitHub commit ID from kodata failed: \"ref: refs/heads/0.8.0-**-support-backwards-incompats\" is not a valid GitHub commit ID"}
{"level":"info","ts":1583747709.93806,"logger":"fallback-logger","caller":"git/git.go:103","msg":"Successfully cloned https://github.com/*******/fmtok8s-kubecon-app.git @ master in path /workspace/source"}

Showing logs for build [32msalaboy-fmtok8s-kubecon-app-pr-2bz4x-1[0m stage [32mfrom-build-pack[0m and container [32mstep-git-merge[0m
Using SHAs from PULL_REFS=master:1eb330401a6096bf1ca35e6bbf92e2ed1d2e602c,14:1041b88301fa6a658a1efb2a5349fe876e635880
DEBUG: LC_ALL=C JX_LOG_LEVEL=error git fetch origin --unshallow 1041b88301fa6a658a1efb2a5349fe876e635880: 1eb330401a6096bf1ca35e6bbf92e2ed1d2e602c:
DEBUG: ran git fetch --unshallow origin 1041b88301fa6a658a1efb2a5349fe876e635880: 1eb330401a6096bf1ca35e6bbf92e2ed1d2e602c: in 
DEBUG: LC_ALL=C JX_LOG_LEVEL=error git branch
DEBUG: LC_ALL=C JX_LOG_LEVEL=error git checkout master
DEBUG: ran git checkout master in 
DEBUG: LC_ALL=C JX_LOG_LEVEL=error git reset --hard 1eb330401a6096bf1ca35e6bbf92e2ed1d2e602c
DEBUG: ran git reset --hard 1eb330401a6096bf1ca35e6bbf92e2ed1d2e602c in 
DEBUG: LC_ALL=C JX_LOG_LEVEL=error git clean -fd .
DEBUG: ran clean --force -d . in 
DEBUG: LC_ALL=C JX_LOG_LEVEL=error git merge 1041b88301fa6a658a1efb2a5349fe876e635880
DEBUG: ran git merge 1041b88301fa6a658a1efb2a5349fe876e635880 in 
DEBUG: LC_ALL=C JX_LOG_LEVEL=error git log --format=%H%x1f%an%x1f%ae%x1f%cn%x1f%ce%x1f%s%n%b%x1e 1eb330401a6096bf1ca35e6bbf92e2ed1d2e602c..HEAD
Merged SHA 1041b88301fa6a658a1efb2a5349fe876e635880 with commit message 'chore(deps): bump https://github.com/*******/fmtok8s-api-gateway from 0.0.35 to 0.0.36' into base branch master

Showing logs for build [32msalaboy-fmtok8s-kubecon-app-pr-2bz4x-1[0m stage [32mfrom-build-pack[0m and container [32mstep-build-build[0m
cat: /builder/home/basic-auth-user.json: No such file or directory
cat: /builder/home/basic-auth-pass.json: No such file or directory
rm -rf kubecon-app/charts
rm -rf kubecon-app/kubecon-app*.tgz
rm -rf kubecon-app/requirements.lock
helm init --client-only
Creating /builder/home/.helm 
Creating /builder/home/.helm/repository 
Creating /builder/home/.helm/repository/cache 
Creating /builder/home/.helm/repository/local 
Creating /builder/home/.helm/plugins 
Creating /builder/home/.helm/starters 
Creating /builder/home/.helm/cache/archive 
Creating /builder/home/.helm/repository/repositories.yaml 
Adding stable repo with URL: https://kubernetes-charts.storage.googleapis.com 
Adding local repo with URL: http://127.0.0.1:8879/charts 
$HELM_HOME has been configured at /builder/home/.helm.
Not installing Tiller due to 'client-only' flag having been set
helm repo add jenkins-x http://chartmuseum.jenkins-x.io
"jenkins-x" has been added to your repositories
helm repo add zeebe http://helm.zeebe.io
"zeebe" has been added to your repositories
helm repo add releases http://jenkins-x-chartmuseum:8080
"releases" has been added to your repositories
helm dependency build kubecon-app
Hang tight while we grab the latest from your chart repositories...
...Unable to get an update from the "local" chart repository (http://127.0.0.1:8879/charts):
	Get http://127.0.0.1:8879/charts/index.yaml: dial tcp 127.0.0.1:8879: connect: connection refused
...Successfully got an update from the "releases" chart repository
...Successfully got an update from the "zeebe" chart repository
...Successfully got an update from the "stable" chart repository
...Successfully got an update from the "jenkins-x" chart repository
Update Complete.
Saving 7 charts
Downloading fmtok8s-agenda from repo http://jenkins-x-chartmuseum:8080
Downloading fmtok8s-c4p from repo http://jenkins-x-chartmuseum:8080
Downloading fmtok8s-api-gateway from repo http://jenkins-x-chartmuseum:8080
Downloading fmtok8s-email from repo http://jenkins-x-chartmuseum:8080
Downloading fmtok8s-tests from repo http://jenkins-x-chartmuseum:8080
Downloading zeebe-cluster from repo http://helm.zeebe.io
Downloading zeebe-operate from repo http://helm.zeebe.io
Deleting outdated charts
helm lint kubecon-app
==> Linting kubecon-app
Lint OK

1 chart(s) linted, no failures
