
Showing logs for build [32msalaboy-fmtok8s-kubecon-app-mas-qwj2s-15[0m stage [32mfrom-build-pack[0m and container [32mstep-credential-initializer-5pxbb[0m
{"level":"warn","ts":1583423768.4714675,"logger":"fallback-logger","caller":"logging/config.go:69","msg":"Fetch GitHub commit ID from kodata failed: \"ref: refs/heads/0.8.0-**-support-backwards-incompats\" is not a valid GitHub commit ID"}
{"level":"info","ts":1583423768.4723735,"logger":"fallback-logger","caller":"creds-init/main.go:40","msg":"Credentials initialized."}

Showing logs for build [32msalaboy-fmtok8s-kubecon-app-mas-qwj2s-15[0m stage [32mfrom-build-pack[0m and container [32mstep-working-dir-initializer-rxqhb[0m
{"level":"warn","ts":1583423769.739398,"logger":"fallback-logger","caller":"logging/config.go:69","msg":"Fetch GitHub commit ID from kodata failed: open /var/run/ko/HEAD: no such file or directory"}
{"level":"info","ts":1583423769.7413347,"logger":"fallback-logger","caller":"bash/main.go:64","msg":"Successfully executed command \"sh -c mkdir -p /workspace/source\"; output "}

Showing logs for build [32msalaboy-fmtok8s-kubecon-app-mas-qwj2s-15[0m stage [32mfrom-build-pack[0m and container [32mstep-place-tools[0m

Showing logs for build [32msalaboy-fmtok8s-kubecon-app-mas-qwj2s-15[0m stage [32mfrom-build-pack[0m and container [32mstep-git-source-salaboy-fmtok8s-kubecon-app-mas-qwj2s-6tzm5[0m
{"level":"warn","ts":1583423774.8928607,"logger":"fallback-logger","caller":"logging/config.go:69","msg":"Fetch GitHub commit ID from kodata failed: \"ref: refs/heads/0.8.0-**-support-backwards-incompats\" is not a valid GitHub commit ID"}
{"level":"info","ts":1583423776.0410726,"logger":"fallback-logger","caller":"git/git.go:103","msg":"Successfully cloned https://github.com/*******/fmtok8s-kubecon-app.git @ v0.0.40 in path /workspace/source"}

Showing logs for build [32msalaboy-fmtok8s-kubecon-app-mas-qwj2s-15[0m stage [32mfrom-build-pack[0m and container [32mstep-git-merge[0m
Using SHAs from PULL_REFS=master:281d1a9ad20bc92bd049089ef31f6fba1a6af59d
WARNING: no SHAs to merge, falling back to initial cloned commit

Showing logs for build [32msalaboy-fmtok8s-kubecon-app-mas-qwj2s-15[0m stage [32mfrom-build-pack[0m and container [32mstep-setup-jx-git-credentials[0m
Generated Git credentials file /builder/home/git/credentials

Showing logs for build [32msalaboy-fmtok8s-kubecon-app-mas-qwj2s-15[0m stage [32mfrom-build-pack[0m and container [32mstep-build-basic-auth-username[0m
Command "credential" is deprecated, it will be removed on Jun 1 2020.  This is replaced by Tekton's mounted secrets
/builder/home/basic-auth-user.json

Showing logs for build [32msalaboy-fmtok8s-kubecon-app-mas-qwj2s-15[0m stage [32mfrom-build-pack[0m and container [32mstep-build-basic-auth-password[0m
Command "credential" is deprecated, it will be removed on Jun 1 2020.  This is replaced by Tekton's mounted secrets
/builder/home/basic-auth-pass.json

Showing logs for build [32msalaboy-fmtok8s-kubecon-app-mas-qwj2s-15[0m stage [32mfrom-build-pack[0m and container [32mstep-build-release[0m
rm -rf kubecon-app/charts
rm -rf kubecon-app/kubecon-app*.tgz
rm -rf kubecon-app/requirements.lock
helm init --client-only
Creating /builder/home/.helm 
Creating /builder/home/.helm/repository 
Creating /builder/home/.helm/repository/cache 
Creating /builder/home/.helm/repository/local 
Creating /builder/home/.helm/plugins 
Creating /builder/home/.helm/starters 
Creating /builder/home/.helm/cache/archive 
Creating /builder/home/.helm/repository/repositories.yaml 
Adding stable repo with URL: https://kubernetes-charts.storage.googleapis.com 
Adding local repo with URL: http://127.0.0.1:8879/charts 
$HELM_HOME has been configured at /builder/home/.helm.
Not installing Tiller due to 'client-only' flag having been set
helm repo add jenkins-x http://chartmuseum.jenkins-x.io
"jenkins-x" has been added to your repositories
helm dependency build kubecon-app
Error: no repository definition for http://jenkins-x-chartmuseum:8080, http://jenkins-x-chartmuseum:8080, http://jenkins-x-chartmuseum:8080, http://jenkins-x-chartmuseum:8080. Please add them via 'helm repo add'
make: *** [build] Error 1
[31m
Pipeline failed on stage 'from-build-pack' : container 'step-build-release'. The execution of the pipeline has stopped.[0m
