
Showing logs for build [32msalaboy-fmtok8s-kubecon-app-mas-2x9wt-23[0m stage [32mfrom-build-pack[0m and container [32mstep-credential-initializer-hbt4r[0m
{"level":"warn","ts":1583483119.2760599,"logger":"fallback-logger","caller":"logging/config.go:69","msg":"Fetch GitHub commit ID from kodata failed: \"ref: refs/heads/0.8.0-**-support-backwards-incompats\" is not a valid GitHub commit ID"}
{"level":"info","ts":1583483119.2768297,"logger":"fallback-logger","caller":"creds-init/main.go:40","msg":"Credentials initialized."}

Showing logs for build [32msalaboy-fmtok8s-kubecon-app-mas-2x9wt-23[0m stage [32mfrom-build-pack[0m and container [32mstep-working-dir-initializer-c9t8b[0m
{"level":"warn","ts":1583483120.2096815,"logger":"fallback-logger","caller":"logging/config.go:69","msg":"Fetch GitHub commit ID from kodata failed: open /var/run/ko/HEAD: no such file or directory"}
{"level":"info","ts":1583483120.2112684,"logger":"fallback-logger","caller":"bash/main.go:64","msg":"Successfully executed command \"sh -c mkdir -p /workspace/source\"; output "}

Showing logs for build [32msalaboy-fmtok8s-kubecon-app-mas-2x9wt-23[0m stage [32mfrom-build-pack[0m and container [32mstep-place-tools[0m

Showing logs for build [32msalaboy-fmtok8s-kubecon-app-mas-2x9wt-23[0m stage [32mfrom-build-pack[0m and container [32mstep-git-source-salaboy-fmtok8s-kubecon-app-mas-2x9wt-ngscn[0m
{"level":"warn","ts":1583483126.2625349,"logger":"fallback-logger","caller":"logging/config.go:69","msg":"Fetch GitHub commit ID from kodata failed: \"ref: refs/heads/0.8.0-**-support-backwards-incompats\" is not a valid GitHub commit ID"}
{"level":"info","ts":1583483127.398063,"logger":"fallback-logger","caller":"git/git.go:103","msg":"Successfully cloned https://github.com/*******/fmtok8s-kubecon-app.git @ v0.2.2 in path /workspace/source"}

Showing logs for build [32msalaboy-fmtok8s-kubecon-app-mas-2x9wt-23[0m stage [32mfrom-build-pack[0m and container [32mstep-git-merge[0m
Using SHAs from PULL_REFS=master:b309730aa7facb1b73a6ec8283c007791f8d888c
WARNING: no SHAs to merge, falling back to initial cloned commit

Showing logs for build [32msalaboy-fmtok8s-kubecon-app-mas-2x9wt-23[0m stage [32mfrom-build-pack[0m and container [32mstep-setup-jx-git-credentials[0m
Generated Git credentials file /builder/home/git/credentials

Showing logs for build [32msalaboy-fmtok8s-kubecon-app-mas-2x9wt-23[0m stage [32mfrom-build-pack[0m and container [32mstep-build-basic-auth-username[0m
Command "credential" is deprecated, it will be removed on Jun 1 2020.  This is replaced by Tekton's mounted secrets
/builder/home/basic-auth-user.json

Showing logs for build [32msalaboy-fmtok8s-kubecon-app-mas-2x9wt-23[0m stage [32mfrom-build-pack[0m and container [32mstep-build-basic-auth-password[0m
Command "credential" is deprecated, it will be removed on Jun 1 2020.  This is replaced by Tekton's mounted secrets
/builder/home/basic-auth-pass.json

Showing logs for build [32msalaboy-fmtok8s-kubecon-app-mas-2x9wt-23[0m stage [32mfrom-build-pack[0m and container [32mstep-build-release[0m
rm -rf kubecon-app/charts
rm -rf kubecon-app/kubecon-app*.tgz
rm -rf kubecon-app/requirements.lock
helm init --client-only
Creating /builder/home/.helm 
Creating /builder/home/.helm/repository 
Creating /builder/home/.helm/repository/cache 
Creating /builder/home/.helm/repository/local 
Creating /builder/home/.helm/plugins 
Creating /builder/home/.helm/starters 
Creating /builder/home/.helm/cache/archive 
Creating /builder/home/.helm/repository/repositories.yaml 
Adding stable repo with URL: https://kubernetes-charts.storage.googleapis.com 
Adding local repo with URL: http://127.0.0.1:8879/charts 
$HELM_HOME has been configured at /builder/home/.helm.
Not installing Tiller due to 'client-only' flag having been set
helm repo add jenkins-x http://chartmuseum.jenkins-x.io
"jenkins-x" has been added to your repositories
helm repo add zeebe http://helm.zeebe.io
"zeebe" has been added to your repositories
helm repo add releases http://jenkins-x-chartmuseum:8080
"releases" has been added to your repositories
helm dependency build kubecon-app
Hang tight while we grab the latest from your chart repositories...
...Unable to get an update from the "local" chart repository (http://127.0.0.1:8879/charts):
	Get http://127.0.0.1:8879/charts/index.yaml: dial tcp 127.0.0.1:8879: connect: connection refused
...Successfully got an update from the "releases" chart repository
...Successfully got an update from the "zeebe" chart repository
...Successfully got an update from the "jenkins-x" chart repository
...Successfully got an update from the "stable" chart repository
Update Complete.
Saving 7 charts
Downloading fmtok8s-agenda from repo http://jenkins-x-chartmuseum:8080
Downloading fmtok8s-c4p from repo http://jenkins-x-chartmuseum:8080
Downloading fmtok8s-api-gateway from repo http://jenkins-x-chartmuseum:8080
Downloading fmtok8s-email from repo http://jenkins-x-chartmuseum:8080
Downloading fmtok8s-tests from repo http://jenkins-x-chartmuseum:8080
Downloading zeebe-cluster from repo http://helm.zeebe.io
Downloading zeebe-operate from repo http://helm.zeebe.io
Deleting outdated charts
helm lint kubecon-app
==> Linting kubecon-app
Lint OK

1 chart(s) linted, no failures
sed -i -e "s/version:.*/version: 0.2.2/" kubecon-app/Chart.yaml
helm package kubecon-app
Successfully packaged chart and saved it to: /workspace/source/kubecon-app-0.2.2.tgz
curl --fail -u *****:********** --data-binary "@kubecon-app-0.2.2.tgz" http://jenkins-x-chartmuseum:8080/api/charts
  % Total    % Received % Xferd  Average Speed   Time    Time     Time  Current
                                 Dload  Upload   Total   Spent    Left  Speed
  0     0    0     0    0     0      0      0 --:--:-- --:--:-- --:--:--     0100  281k  100    14  100  281k     69  1396k --:--:-- --:--:-- --:--:-- 1402k
{"saved":true}rm -rf kubecon-app*.tgz
** step changelog  --verbose --version 0.2.2 --rev b309730aa7facb1b73a6ec8283c007791f8d888c
DEBUG: LC_ALL=C JX_LOG_LEVEL=error git rev-parse --is-shallow-repository
DEBUG: LC_ALL=C JX_LOG_LEVEL=error git fetch --unshallow
DEBUG: LC_ALL=C JX_LOG_LEVEL=error git fetch --tags
Converted /workspace/source to an unshallow repository
DEBUG: LC_ALL=C JX_LOG_LEVEL=error git for-each-ref --sort=-creatordate --format=%(objectname)%00%(refname:short) --count=2 refs/tags
DEBUG: LC_ALL=C JX_LOG_LEVEL=error git rev-list -n 1 05ff178786206eaa8694f5378525c092b74b12c6
DEBUG: Using helmBinary helm with feature flag: template-mode
Generating change log from git ref a600e2e0bc9b90664f87a9236bbfeac25f9ff900 => b309730aa7facb1b73a6ec8283c007791f8d888c
DEBUG: Found commits:
DEBUG:   commit b309730aa7facb1b73a6ec8283c007791f8d888c
DEBUG:   Author: ******* <*******@gmail.com>
DEBUG:   Date: Fri Mar  6 08:24:41 2020
DEBUG:       moving out ** crd



WARNING: Failed to enrich commit b309730aa7facb1b73a6ec8283c007791f8d888c with issues: selected more than one user from users.jenkins.io: [******* x-0]
WARNING: Failed to enrich commit b309730aa7facb1b73a6ec8283c007791f8d888c with issues: selected more than one user from users.jenkins.io: [******* x-0]
Finding issues in commit messages using git format
DEBUG: Generated release notes:

## Changes

* moving out ** crd

DEBUG: JX_LOG_LEVEL=error LC_ALL=C git tag --list 0.2.2
DEBUG: LC_ALL=C JX_LOG_LEVEL=error git tag --list v0.2.2
WARNING: No release found for *******/fmtok8s-kubecon-app and tag v0.2.2 so creating a new release
Updated the release information at https://github.com/*******/fmtok8s-kubecon-app/releases/tag/v0.2.2
Uploaded /workspace/source/dependency-matrix/matrix.yaml to release asset https://github.com/*******/fmtok8s-kubecon-app/releases/download/v0.2.2/dependency-matrix.yaml
generated: /workspace/source/kubecon-app/templates/release.yaml
Created Release fmtok8s-kubecon-app-0-2-2 resource in namespace **
Updating PipelineActivity *******-fmtok8s-kubecon-app-master-23 with version 0.2.2
Updated PipelineActivities *******-fmtok8s-kubecon-app-master-23 with release notes URL: https://github.com/*******/fmtok8s-kubecon-app/releases/tag/v0.2.2
