
Showing logs for build [32msalaboy-fmtok8s-kubecon-app-mas-dmx4b-28[0m stage [32mfrom-build-pack[0m and container [32mstep-credential-initializer-t7z2h[0m
{"level":"warn","ts":1583747066.7946339,"logger":"fallback-logger","caller":"logging/config.go:69","msg":"Fetch GitHub commit ID from kodata failed: \"ref: refs/heads/0.8.0-**-support-backwards-incompats\" is not a valid GitHub commit ID"}
{"level":"info","ts":1583747066.7952895,"logger":"fallback-logger","caller":"creds-init/main.go:40","msg":"Credentials initialized."}

Showing logs for build [32msalaboy-fmtok8s-kubecon-app-mas-dmx4b-28[0m stage [32mfrom-build-pack[0m and container [32mstep-working-dir-initializer-d5khv[0m
{"level":"warn","ts":1583747068.0643396,"logger":"fallback-logger","caller":"logging/config.go:69","msg":"Fetch GitHub commit ID from kodata failed: open /var/run/ko/HEAD: no such file or directory"}
{"level":"info","ts":1583747068.0671973,"logger":"fallback-logger","caller":"bash/main.go:64","msg":"Successfully executed command \"sh -c mkdir -p /workspace/source\"; output "}

Showing logs for build [32msalaboy-fmtok8s-kubecon-app-mas-dmx4b-28[0m stage [32mfrom-build-pack[0m and container [32mstep-place-tools[0m

Showing logs for build [32msalaboy-fmtok8s-kubecon-app-mas-dmx4b-28[0m stage [32mfrom-build-pack[0m and container [32mstep-git-source-salaboy-fmtok8s-kubecon-app-mas-dmx4b-h7nbj[0m
{"level":"warn","ts":1583747074.2085242,"logger":"fallback-logger","caller":"logging/config.go:69","msg":"Fetch GitHub commit ID from kodata failed: \"ref: refs/heads/0.8.0-**-support-backwards-incompats\" is not a valid GitHub commit ID"}
{"level":"info","ts":1583747075.313266,"logger":"fallback-logger","caller":"git/git.go:103","msg":"Successfully cloned https://github.com/*******/fmtok8s-kubecon-app.git @ v0.2.7 in path /workspace/source"}

Showing logs for build [32msalaboy-fmtok8s-kubecon-app-mas-dmx4b-28[0m stage [32mfrom-build-pack[0m and container [32mstep-git-merge[0m
Using SHAs from PULL_REFS=master:1eb330401a6096bf1ca35e6bbf92e2ed1d2e602c
WARNING: no SHAs to merge, falling back to initial cloned commit

Showing logs for build [32msalaboy-fmtok8s-kubecon-app-mas-dmx4b-28[0m stage [32mfrom-build-pack[0m and container [32mstep-setup-jx-git-credentials[0m
Generated Git credentials file /builder/home/git/credentials

Showing logs for build [32msalaboy-fmtok8s-kubecon-app-mas-dmx4b-28[0m stage [32mfrom-build-pack[0m and container [32mstep-build-basic-auth-username[0m
Command "credential" is deprecated, it will be removed on Jun 1 2020.  This is replaced by Tekton's mounted secrets
/builder/home/basic-auth-user.json

Showing logs for build [32msalaboy-fmtok8s-kubecon-app-mas-dmx4b-28[0m stage [32mfrom-build-pack[0m and container [32mstep-build-basic-auth-password[0m
Command "credential" is deprecated, it will be removed on Jun 1 2020.  This is replaced by Tekton's mounted secrets
/builder/home/basic-auth-pass.json

Showing logs for build [32msalaboy-fmtok8s-kubecon-app-mas-dmx4b-28[0m stage [32mfrom-build-pack[0m and container [32mstep-build-release[0m
rm -rf kubecon-app/charts
rm -rf kubecon-app/kubecon-app*.tgz
rm -rf kubecon-app/requirements.lock
helm init --client-only
Creating /builder/home/.helm 
Creating /builder/home/.helm/repository 
Creating /builder/home/.helm/repository/cache 
Creating /builder/home/.helm/repository/local 
Creating /builder/home/.helm/plugins 
Creating /builder/home/.helm/starters 
Creating /builder/home/.helm/cache/archive 
Creating /builder/home/.helm/repository/repositories.yaml 
Adding stable repo with URL: https://kubernetes-charts.storage.googleapis.com 
Adding local repo with URL: http://127.0.0.1:8879/charts 
$HELM_HOME has been configured at /builder/home/.helm.
Not installing Tiller due to 'client-only' flag having been set
helm repo add jenkins-x http://chartmuseum.jenkins-x.io
"jenkins-x" has been added to your repositories
helm repo add zeebe http://helm.zeebe.io
"zeebe" has been added to your repositories
helm repo add releases http://jenkins-x-chartmuseum:8080
"releases" has been added to your repositories
helm dependency build kubecon-app
Hang tight while we grab the latest from your chart repositories...
...Unable to get an update from the "local" chart repository (http://127.0.0.1:8879/charts):
	Get http://127.0.0.1:8879/charts/index.yaml: dial tcp 127.0.0.1:8879: connect: connection refused
...Successfully got an update from the "releases" chart repository
...Successfully got an update from the "zeebe" chart repository
...Successfully got an update from the "jenkins-x" chart repository
...Successfully got an update from the "stable" chart repository
Update Complete.
Saving 7 charts
Downloading fmtok8s-agenda from repo http://jenkins-x-chartmuseum:8080
Downloading fmtok8s-c4p from repo http://jenkins-x-chartmuseum:8080
Downloading fmtok8s-api-gateway from repo http://jenkins-x-chartmuseum:8080
Downloading fmtok8s-email from repo http://jenkins-x-chartmuseum:8080
Downloading fmtok8s-tests from repo http://jenkins-x-chartmuseum:8080
Downloading zeebe-cluster from repo http://helm.zeebe.io
Downloading zeebe-operate from repo http://helm.zeebe.io
Deleting outdated charts
helm lint kubecon-app
==> Linting kubecon-app
Lint OK

1 chart(s) linted, no failures
sed -i -e "s/version:.*/version: 0.2.7/" kubecon-app/Chart.yaml
helm package kubecon-app
Successfully packaged chart and saved it to: /workspace/source/kubecon-app-0.2.7.tgz
curl --fail -u *****:********** --data-binary "@kubecon-app-0.2.7.tgz" http://jenkins-x-chartmuseum:8080/api/charts
  % Total    % Received % Xferd  Average Speed   Time    Time     Time  Current
                                 Dload  Upload   Total   Spent    Left  Speed
  0     0    0     0    0     0      0      0 --:--:-- --:--:-- --:--:--     0100  284k  100    14  100  284k    114  2316k --:--:-- --:--:-- --:--:-- 2328k
{"saved":true}rm -rf kubecon-app*.tgz
** step changelog  --verbose --version 0.2.7 --rev 1eb330401a6096bf1ca35e6bbf92e2ed1d2e602c
DEBUG: LC_ALL=C JX_LOG_LEVEL=error git rev-parse --is-shallow-repository
DEBUG: LC_ALL=C JX_LOG_LEVEL=error git fetch --unshallow
DEBUG: LC_ALL=C JX_LOG_LEVEL=error git fetch --tags
Converted /workspace/source to an unshallow repository
DEBUG: LC_ALL=C JX_LOG_LEVEL=error git for-each-ref --sort=-creatordate --format=%(objectname)%00%(refname:short) --count=2 refs/tags
DEBUG: LC_ALL=C JX_LOG_LEVEL=error git rev-list -n 1 b2a5cde4002205ede4c664e20f71ac3eb9990baf
DEBUG: Using helmBinary helm with feature flag: template-mode
Generating change log from git ref b22e117b4ebe5faf7894d35b42c7211a3404880e => 1eb330401a6096bf1ca35e6bbf92e2ed1d2e602c
DEBUG: Found commits:
DEBUG:   commit 1eb330401a6096bf1ca35e6bbf92e2ed1d2e602c
DEBUG:   Author: ******* <Salaboy@gmail.com>
DEBUG:   Date: Mon Mar  9 09:43:51 2020
DEBUG:       
Merge pull request #13 from *******/bump-chart-version-146d1ea5-61ea-11ea-80a2-f2d9e49cde13

chore(deps): bump https://github.com/*******/fmtok8s-api-gateway from 0.0.34 to 0.0.35


DEBUG:   commit e8ebafbe69d9a4d46ca7f758e1c991fb2d7c4d3f
DEBUG:   Author: jenkins-x-bot <jenkins-x@googlegroups.com>
DEBUG:   Date: Mon Mar  9 09:40:58 2020
DEBUG:       chore(deps): bump https://github.com/*******/fmtok8s-api-gateway from 0.0.34 to 0.0.35

Command run was `** step create pr chart --name fmtok8s-api-gateway --version 0.0.35 --repo https://github.com/*******/fmtok8s-kubecon-app.git`



WARNING: Failed to enrich commit e8ebafbe69d9a4d46ca7f758e1c991fb2d7c4d3f with issues: users.jenkins.io "x-0" already exists
WARNING: Failed to enrich commit e8ebafbe69d9a4d46ca7f758e1c991fb2d7c4d3f with issues: users.jenkins.io "x-0" already exists
Finding issues in commit messages using git format
DEBUG: Generated release notes:

## Changes

### Chores

* deps: bump https://github.com/*******/fmtok8s-api-gateway from 0.0.34 to 0.0.35

### Dependency Updates

| Dependency | Component | New Version | Old Version |
| ---------- | --------- | ----------- | ----------- |
| [*******/fmtok8s-api-gateway](https://github.com/*******/fmtok8s-api-gateway) |  | [0.0.35](https://github.com/*******/fmtok8s-api-gateway/releases/tag/v0.0.35) | [0.0.34](https://github.com/*******/fmtok8s-api-gateway/releases/tag/v0.0.34)|

DEBUG: LC_ALL=C JX_LOG_LEVEL=error git tag --list 0.2.7
DEBUG: LC_ALL=C JX_LOG_LEVEL=error git tag --list v0.2.7
WARNING: No release found for *******/fmtok8s-kubecon-app and tag v0.2.7 so creating a new release
Updated the release information at https://github.com/*******/fmtok8s-kubecon-app/releases/tag/v0.2.7
Uploaded /workspace/source/dependency-matrix/matrix.yaml to release asset https://github.com/*******/fmtok8s-kubecon-app/releases/download/v0.2.7/dependency-matrix.yaml
Uploaded dependency-updates.yaml to release asset https://github.com/*******/fmtok8s-kubecon-app/releases/download/v0.2.7/dependency-updates.yaml
generated: /workspace/source/kubecon-app/templates/release.yaml
Created Release fmtok8s-kubecon-app-0-2-7 resource in namespace **
Updating PipelineActivity *******-fmtok8s-kubecon-app-master-28 with version 0.2.7
Updated PipelineActivities *******-fmtok8s-kubecon-app-master-28 with release notes URL: https://github.com/*******/fmtok8s-kubecon-app/releases/tag/v0.2.7
