
Showing logs for build [32msalaboy-fmtok8s-kubecon-app-mas-9zgsb-3[0m stage [32mfrom-build-pack[0m and container [32mstep-credential-initializer-dj86s[0m
{"level":"warn","ts":1583233839.8710823,"logger":"fallback-logger","caller":"logging/config.go:69","msg":"Fetch GitHub commit ID from kodata failed: \"ref: refs/heads/0.8.0-**-support-backwards-incompats\" is not a valid GitHub commit ID"}
{"level":"info","ts":1583233839.8716981,"logger":"fallback-logger","caller":"creds-init/main.go:40","msg":"Credentials initialized."}

Showing logs for build [32msalaboy-fmtok8s-kubecon-app-mas-9zgsb-3[0m stage [32mfrom-build-pack[0m and container [32mstep-working-dir-initializer-smtcx[0m
{"level":"warn","ts":1583233840.8765273,"logger":"fallback-logger","caller":"logging/config.go:69","msg":"Fetch GitHub commit ID from kodata failed: open /var/run/ko/HEAD: no such file or directory"}
{"level":"info","ts":1583233840.8958645,"logger":"fallback-logger","caller":"bash/main.go:64","msg":"Successfully executed command \"sh -c mkdir -p /workspace/source\"; output "}

Showing logs for build [32msalaboy-fmtok8s-kubecon-app-mas-9zgsb-3[0m stage [32mfrom-build-pack[0m and container [32mstep-place-tools[0m

Showing logs for build [32msalaboy-fmtok8s-kubecon-app-mas-9zgsb-3[0m stage [32mfrom-build-pack[0m and container [32mstep-git-source-salaboy-fmtok8s-kubecon-app-mas-9zgsb-8w9nf[0m
{"level":"warn","ts":1583233847.1280246,"logger":"fallback-logger","caller":"logging/config.go:69","msg":"Fetch GitHub commit ID from kodata failed: \"ref: refs/heads/0.8.0-**-support-backwards-incompats\" is not a valid GitHub commit ID"}
{"level":"info","ts":1583233848.3847694,"logger":"fallback-logger","caller":"git/git.go:103","msg":"Successfully cloned https://github.com/*******/fmtok8s-kubecon-app.git @ v0.0.3 in path /workspace/source"}

Showing logs for build [32msalaboy-fmtok8s-kubecon-app-mas-9zgsb-3[0m stage [32mfrom-build-pack[0m and container [32mstep-git-merge[0m
Using SHAs from PULL_REFS=master:aba8d71046bff86ce45b12d32a1dc4ed59fe0fa9
WARNING: no SHAs to merge, falling back to initial cloned commit

Showing logs for build [32msalaboy-fmtok8s-kubecon-app-mas-9zgsb-3[0m stage [32mfrom-build-pack[0m and container [32mstep-setup-jx-git-credentials[0m
Generated Git credentials file /builder/home/git/credentials

Showing logs for build [32msalaboy-fmtok8s-kubecon-app-mas-9zgsb-3[0m stage [32mfrom-build-pack[0m and container [32mstep-build-basic-auth-username[0m
Command "credential" is deprecated, it will be removed on Jun 1 2020.  This is replaced by Tekton's mounted secrets
/builder/home/basic-auth-user.json

Showing logs for build [32msalaboy-fmtok8s-kubecon-app-mas-9zgsb-3[0m stage [32mfrom-build-pack[0m and container [32mstep-build-basic-auth-password[0m
Command "credential" is deprecated, it will be removed on Jun 1 2020.  This is replaced by Tekton's mounted secrets
/builder/home/basic-auth-pass.json

Showing logs for build [32msalaboy-fmtok8s-kubecon-app-mas-9zgsb-3[0m stage [32mfrom-build-pack[0m and container [32mstep-build-release[0m
rm -rf kubecon-app/charts
rm -rf kubecon-app/kubecon-app*.tgz
rm -rf kubecon-app/requirements.lock
helm init --client-only
Creating /builder/home/.helm 
Creating /builder/home/.helm/repository 
Creating /builder/home/.helm/repository/cache 
Creating /builder/home/.helm/repository/local 
Creating /builder/home/.helm/plugins 
Creating /builder/home/.helm/starters 
Creating /builder/home/.helm/cache/archive 
Creating /builder/home/.helm/repository/repositories.yaml 
Adding stable repo with URL: https://kubernetes-charts.storage.googleapis.com 
Adding local repo with URL: http://127.0.0.1:8879/charts 
$HELM_HOME has been configured at /builder/home/.helm.
Not installing Tiller due to 'client-only' flag having been set
helm repo add jenkins-x http://chartmuseum.jenkins-x.io
"jenkins-x" has been added to your repositories
helm repo add releases http://jenkins-x-chartmuseum:8080
"releases" has been added to your repositories
helm dependency build kubecon-app
Hang tight while we grab the latest from your chart repositories...
...Unable to get an update from the "local" chart repository (http://127.0.0.1:8879/charts):
	Get http://127.0.0.1:8879/charts/index.yaml: dial tcp 127.0.0.1:8879: connect: connection refused
...Successfully got an update from the "releases" chart repository
...Successfully got an update from the "jenkins-x" chart repository
...Successfully got an update from the "stable" chart repository
Update Complete.
Saving 4 charts
Downloading fmtok8s-agenda from repo http://jenkins-x-chartmuseum:8080
Downloading fmtok8s-c4p from repo http://jenkins-x-chartmuseum:8080
Downloading fmtok8s-api-gateway from repo http://jenkins-x-chartmuseum:8080
Downloading fmtok8s-email from repo http://jenkins-x-chartmuseum:8080
Deleting outdated charts
helm lint kubecon-app
Error: 1 chart(s) linted, 1 chart(s) failed
==> Linting kubecon-app
[ERROR] Chart.yaml: directory name (kubecon-app) and chart name (kuebcon-app) must be the same

make: *** [build] Error 1
[31m
Pipeline failed on stage 'from-build-pack' : container 'step-build-release'. The execution of the pipeline has stopped.[0m
