
Showing logs for build [32msalaboy-fmtok8s-kubecon-app-mas-cbcdg-5[0m stage [32mfrom-build-pack[0m and container [32mstep-credential-initializer-nsthw[0m
{"level":"warn","ts":1583234542.7554824,"logger":"fallback-logger","caller":"logging/config.go:69","msg":"Fetch GitHub commit ID from kodata failed: \"ref: refs/heads/0.8.0-**-support-backwards-incompats\" is not a valid GitHub commit ID"}
{"level":"info","ts":1583234542.7561202,"logger":"fallback-logger","caller":"creds-init/main.go:40","msg":"Credentials initialized."}

Showing logs for build [32msalaboy-fmtok8s-kubecon-app-mas-cbcdg-5[0m stage [32mfrom-build-pack[0m and container [32mstep-working-dir-initializer-84j9v[0m
{"level":"warn","ts":1583234543.1246626,"logger":"fallback-logger","caller":"logging/config.go:69","msg":"Fetch GitHub commit ID from kodata failed: open /var/run/ko/HEAD: no such file or directory"}
{"level":"info","ts":1583234543.1263251,"logger":"fallback-logger","caller":"bash/main.go:64","msg":"Successfully executed command \"sh -c mkdir -p /workspace/source\"; output "}

Showing logs for build [32msalaboy-fmtok8s-kubecon-app-mas-cbcdg-5[0m stage [32mfrom-build-pack[0m and container [32mstep-place-tools[0m

Showing logs for build [32msalaboy-fmtok8s-kubecon-app-mas-cbcdg-5[0m stage [32mfrom-build-pack[0m and container [32mstep-git-source-salaboy-fmtok8s-kubecon-app-mas-cbcdg-blgrq[0m
{"level":"warn","ts":1583234548.1924458,"logger":"fallback-logger","caller":"logging/config.go:69","msg":"Fetch GitHub commit ID from kodata failed: \"ref: refs/heads/0.8.0-**-support-backwards-incompats\" is not a valid GitHub commit ID"}
{"level":"info","ts":1583234549.2313085,"logger":"fallback-logger","caller":"git/git.go:103","msg":"Successfully cloned https://github.com/*******/fmtok8s-kubecon-app.git @ v0.0.5 in path /workspace/source"}

Showing logs for build [32msalaboy-fmtok8s-kubecon-app-mas-cbcdg-5[0m stage [32mfrom-build-pack[0m and container [32mstep-git-merge[0m
Using SHAs from PULL_REFS=master:cc29251e27016f527af07c5cfb6fa8298c2a29fa
WARNING: no SHAs to merge, falling back to initial cloned commit

Showing logs for build [32msalaboy-fmtok8s-kubecon-app-mas-cbcdg-5[0m stage [32mfrom-build-pack[0m and container [32mstep-setup-jx-git-credentials[0m
Generated Git credentials file /builder/home/git/credentials

Showing logs for build [32msalaboy-fmtok8s-kubecon-app-mas-cbcdg-5[0m stage [32mfrom-build-pack[0m and container [32mstep-build-basic-auth-username[0m
Command "credential" is deprecated, it will be removed on Jun 1 2020.  This is replaced by Tekton's mounted secrets
/builder/home/basic-auth-user.json

Showing logs for build [32msalaboy-fmtok8s-kubecon-app-mas-cbcdg-5[0m stage [32mfrom-build-pack[0m and container [32mstep-build-basic-auth-password[0m
Command "credential" is deprecated, it will be removed on Jun 1 2020.  This is replaced by Tekton's mounted secrets
/builder/home/basic-auth-pass.json

Showing logs for build [32msalaboy-fmtok8s-kubecon-app-mas-cbcdg-5[0m stage [32mfrom-build-pack[0m and container [32mstep-build-release[0m
rm -rf kubecon-app/charts
rm -rf kubecon-app/kubecon-app*.tgz
rm -rf kubecon-app/requirements.lock
helm init --client-only
Creating /builder/home/.helm 
Creating /builder/home/.helm/repository 
Creating /builder/home/.helm/repository/cache 
Creating /builder/home/.helm/repository/local 
Creating /builder/home/.helm/plugins 
Creating /builder/home/.helm/starters 
Creating /builder/home/.helm/cache/archive 
Creating /builder/home/.helm/repository/repositories.yaml 
Adding stable repo with URL: https://kubernetes-charts.storage.googleapis.com 
Adding local repo with URL: http://127.0.0.1:8879/charts 
$HELM_HOME has been configured at /builder/home/.helm.
Not installing Tiller due to 'client-only' flag having been set
helm repo add jenkins-x http://chartmuseum.jenkins-x.io
"jenkins-x" has been added to your repositories
helm repo add releases http://jenkins-x-chartmuseum:8080
"releases" has been added to your repositories
helm dependency build kubecon-app
Hang tight while we grab the latest from your chart repositories...
...Unable to get an update from the "local" chart repository (http://127.0.0.1:8879/charts):
	Get http://127.0.0.1:8879/charts/index.yaml: dial tcp 127.0.0.1:8879: connect: connection refused
...Successfully got an update from the "releases" chart repository
...Successfully got an update from the "jenkins-x" chart repository
...Successfully got an update from the "stable" chart repository
Update Complete.
Saving 4 charts
Downloading fmtok8s-agenda from repo http://jenkins-x-chartmuseum:8080
Downloading fmtok8s-c4p from repo http://jenkins-x-chartmuseum:8080
Downloading fmtok8s-api-gateway from repo http://jenkins-x-chartmuseum:8080
Downloading fmtok8s-email from repo http://jenkins-x-chartmuseum:8080
Deleting outdated charts
helm lint kubecon-app
==> Linting kubecon-app
Lint OK

1 chart(s) linted, no failures
sed -i -e "s/version:.*/version: 0.0.5/" kubecon-app/Chart.yaml
helm package kubecon-app
Successfully packaged chart and saved it to: /workspace/source/kubecon-app-0.0.5.tgz
curl --fail -u *****:********** --data-binary "@kubecon-app-0.0.5.tgz" http://jenkins-x-chartmuseum:8080/api/charts
  % Total    % Received % Xferd  Average Speed   Time    Time     Time  Current
                                 Dload  Upload   Total   Spent    Left  Speed
{"saved":true}rm -rf kubecon-app*.tgz
  0     0    0     0    0     0      0      0 --:--:-- --:--:-- --:--:--     0100  6721  100    14  100  6707   1231   576k --:--:-- --:--:-- --:--:--  595k
** step changelog  --verbose --version 0.0.5 --rev cc29251e27016f527af07c5cfb6fa8298c2a29fa
DEBUG: LC_ALL=C JX_LOG_LEVEL=error git rev-parse --is-shallow-repository
DEBUG: LC_ALL=C JX_LOG_LEVEL=error git fetch --unshallow
DEBUG: LC_ALL=C JX_LOG_LEVEL=error git fetch --tags
Converted /workspace/source to an unshallow repository
DEBUG: JX_LOG_LEVEL=error LC_ALL=C git for-each-ref --sort=-creatordate --format=%(objectname)%00%(refname:short) --count=2 refs/tags
DEBUG: LC_ALL=C JX_LOG_LEVEL=error git rev-list -n 1 77206be8f57b56832d63b61fce2b978a44980d17
DEBUG: Using helmBinary helm with feature flag: template-mode
Generating change log from git ref 9035887abc78b5ba778961937820b89e9ca6927c => cc29251e27016f527af07c5cfb6fa8298c2a29fa
DEBUG: Found commits:
DEBUG:   commit cc29251e27016f527af07c5cfb6fa8298c2a29fa
DEBUG:   Author: ******* <Salaboy@gmail.com>
DEBUG:   Date: Tue Mar  3 11:21:50 2020
DEBUG:       
Merge pull request #1 from *******/bump-chart-version-31ec75a5-5d35-11ea-b883-927fd70336cb

chore(deps): bump dependency versions


DEBUG:   commit 24294826278f846c98b804a04669251b863f024c
DEBUG:   Author: ******* <Salaboy@gmail.com>
DEBUG:   Date: Tue Mar  3 11:20:40 2020
DEBUG:       
Update requirements.yaml


DEBUG:   commit bbde79d2ecfc8a5d0630cc3bc06e541bf27fd363
DEBUG:   Author: jenkins-x-bot <jenkins-x@googlegroups.com>
DEBUG:   Date: Tue Mar  3 11:01:46 2020
DEBUG:       chore(deps): bump https://github.com/*******/fmtok8s-email from 0.0.5 to 0.0.6

Command run was `** step create pr chart --name fmtok8s-email --version 0.0.6 --repo https://github.com/*******/fmtok8s-kubecon-app.git`



DEBUG:   commit 07fbb69352e8e5c2783e8aaeff2a93382e3347c2
DEBUG:   Author: jenkins-x-bot <jenkins-x@googlegroups.com>
DEBUG:   Date: Tue Mar  3 11:01:24 2020
DEBUG:       chore(deps): bump https://github.com/*******/fmtok8s-agenda from 0.0.8 to 0.0.10

Command run was `** step create pr chart --name fmtok8s-agenda --version 0.0.10 --repo https://github.com/*******/fmtok8s-kubecon-app.git`



DEBUG:   commit b98d06c56e188fa6afd0c2611d2cc488f2326e8a
DEBUG:   Author: jenkins-x-bot <jenkins-x@googlegroups.com>
DEBUG:   Date: Tue Mar  3 11:01:16 2020
DEBUG:       chore(deps): bump https://github.com/*******/fmtok8s-c4p to 0.0.19

Command run was `** step create pr chart --name fmtok8s-api-c4p --version 0.0.19 --repo https://github.com/*******/fmtok8s-kubecon-app.git`



DEBUG:   commit 58aada4b3f823801157a47bbda3cec0439111d71
DEBUG:   Author: jenkins-x-bot <jenkins-x@googlegroups.com>
DEBUG:   Date: Tue Mar  3 09:56:04 2020
DEBUG:       chore(deps): bump https://github.com/*******/fmtok8s-api-gateway from 0.0.31 to 0.0.34

Command run was `** step create pr chart --name fmtok8s-api-gateway --version 0.0.34 --repo https://github.com/*******/fmtok8s-kubecon-app.git`



WARNING: Failed to enrich commit 24294826278f846c98b804a04669251b863f024c with issues: users.jenkins.io "x-0" already exists
WARNING: Failed to enrich commit 24294826278f846c98b804a04669251b863f024c with issues: users.jenkins.io "x-0" already exists
Finding issues in commit messages using git format
WARNING: Failed to enrich commit bbde79d2ecfc8a5d0630cc3bc06e541bf27fd363 with issues: users.jenkins.io "x-0" already exists
WARNING: Failed to enrich commit bbde79d2ecfc8a5d0630cc3bc06e541bf27fd363 with issues: users.jenkins.io "x-0" already exists
WARNING: Failed to enrich commit 07fbb69352e8e5c2783e8aaeff2a93382e3347c2 with issues: users.jenkins.io "x-0" already exists
WARNING: Failed to enrich commit 07fbb69352e8e5c2783e8aaeff2a93382e3347c2 with issues: users.jenkins.io "x-0" already exists
WARNING: Failed to enrich commit b98d06c56e188fa6afd0c2611d2cc488f2326e8a with issues: users.jenkins.io "x-0" already exists
WARNING: Failed to enrich commit b98d06c56e188fa6afd0c2611d2cc488f2326e8a with issues: users.jenkins.io "x-0" already exists
WARNING: Failed to enrich commit 58aada4b3f823801157a47bbda3cec0439111d71 with issues: users.jenkins.io "x-0" already exists
WARNING: Failed to enrich commit 58aada4b3f823801157a47bbda3cec0439111d71 with issues: users.jenkins.io "x-0" already exists
DEBUG: Generated release notes:

## Changes

### Chores

* deps: bump https://github.com/*******/fmtok8s-email from 0.0.5 to 0.0.6
* deps: bump https://github.com/*******/fmtok8s-agenda from 0.0.8 to 0.0.10
* deps: bump https://github.com/*******/fmtok8s-c4p to 0.0.19
* deps: bump https://github.com/*******/fmtok8s-api-gateway from 0.0.31 to 0.0.34

### Other Changes

These commits did not use [Conventional Commits](https://conventionalcommits.org/) formatted messages:

* Update requirements.yaml

### Dependency Updates

| Dependency | Component | New Version | Old Version |
| ---------- | --------- | ----------- | ----------- |
| [*******/fmtok8s-agenda](https://github.com/*******/fmtok8s-agenda) |  | [0.0.10](https://github.com/*******/fmtok8s-agenda/releases/tag/v0.0.10) | [0.0.8](https://github.com/*******/fmtok8s-agenda/releases/tag/v0.0.8)|
| [*******/fmtok8s-api-gateway](https://github.com/*******/fmtok8s-api-gateway) |  | [0.0.34](https://github.com/*******/fmtok8s-api-gateway/releases/tag/v0.0.34) | [0.0.31](https://github.com/*******/fmtok8s-api-gateway/releases/tag/v0.0.31)|
| [*******/fmtok8s-email](https://github.com/*******/fmtok8s-email) |  | [0.0.6](https://github.com/*******/fmtok8s-email/releases/tag/v0.0.6) | [0.0.5](https://github.com/*******/fmtok8s-email/releases/tag/v0.0.5)|

DEBUG: LC_ALL=C JX_LOG_LEVEL=error git tag --list 0.0.5
DEBUG: LC_ALL=C JX_LOG_LEVEL=error git tag --list v0.0.5
WARNING: No release found for *******/fmtok8s-kubecon-app and tag v0.0.5 so creating a new release
Updated the release information at https://github.com/*******/fmtok8s-kubecon-app/releases/tag/v0.0.5
Uploaded /workspace/source/dependency-matrix/matrix.yaml to release asset https://github.com/*******/fmtok8s-kubecon-app/releases/download/v0.0.5/dependency-matrix.yaml
Uploaded dependency-updates.yaml to release asset https://github.com/*******/fmtok8s-kubecon-app/releases/download/v0.0.5/dependency-updates.yaml
generated: /workspace/source/kubecon-app/templates/release.yaml
Created Release fmtok8s-kubecon-app-0-0-5 resource in namespace **
Updating PipelineActivity *******-fmtok8s-kubecon-app-master-5 with version 0.0.5
Updated PipelineActivities *******-fmtok8s-kubecon-app-master-5 with release notes URL: https://github.com/*******/fmtok8s-kubecon-app/releases/tag/v0.0.5
