
Showing logs for build [32msalaboy-fmtok8s-kubecon-app-pr-k69wj-1[0m stage [32mfrom-build-pack[0m and container [32mstep-credential-initializer-dxlcm[0m
{"level":"warn","ts":1583323091.0318542,"logger":"fallback-logger","caller":"logging/config.go:69","msg":"Fetch GitHub commit ID from kodata failed: \"ref: refs/heads/0.8.0-**-support-backwards-incompats\" is not a valid GitHub commit ID"}
{"level":"info","ts":1583323091.033679,"logger":"fallback-logger","caller":"creds-init/main.go:40","msg":"Credentials initialized."}

Showing logs for build [32msalaboy-fmtok8s-kubecon-app-pr-k69wj-1[0m stage [32mfrom-build-pack[0m and container [32mstep-working-dir-initializer-2vgfd[0m
{"level":"warn","ts":1583323092.087234,"logger":"fallback-logger","caller":"logging/config.go:69","msg":"Fetch GitHub commit ID from kodata failed: open /var/run/ko/HEAD: no such file or directory"}
{"level":"info","ts":1583323092.0907853,"logger":"fallback-logger","caller":"bash/main.go:64","msg":"Successfully executed command \"sh -c mkdir -p /workspace/source\"; output "}

Showing logs for build [32msalaboy-fmtok8s-kubecon-app-pr-k69wj-1[0m stage [32mfrom-build-pack[0m and container [32mstep-place-tools[0m

Showing logs for build [32msalaboy-fmtok8s-kubecon-app-pr-k69wj-1[0m stage [32mfrom-build-pack[0m and container [32mstep-git-source-salaboy-fmtok8s-kubecon-app-pr-k69wj-xpmjb[0m
{"level":"warn","ts":1583323096.2403913,"logger":"fallback-logger","caller":"logging/config.go:69","msg":"Fetch GitHub commit ID from kodata failed: \"ref: refs/heads/0.8.0-**-support-backwards-incompats\" is not a valid GitHub commit ID"}
{"level":"info","ts":1583323097.4116008,"logger":"fallback-logger","caller":"git/git.go:103","msg":"Successfully cloned https://github.com/*******/fmtok8s-kubecon-app.git @ master in path /workspace/source"}

Showing logs for build [32msalaboy-fmtok8s-kubecon-app-pr-k69wj-1[0m stage [32mfrom-build-pack[0m and container [32mstep-git-merge[0m
Using SHAs from PULL_REFS=master:4aab64e8c8c7a6dca7f5c12544acc76214886060,3:c78996de94edf01f523818e9352ede29445b3dde
DEBUG: LC_ALL=C JX_LOG_LEVEL=error git fetch origin --unshallow c78996de94edf01f523818e9352ede29445b3dde: 4aab64e8c8c7a6dca7f5c12544acc76214886060:
DEBUG: ran git fetch --unshallow origin c78996de94edf01f523818e9352ede29445b3dde: 4aab64e8c8c7a6dca7f5c12544acc76214886060: in 
DEBUG: LC_ALL=C JX_LOG_LEVEL=error git branch
DEBUG: LC_ALL=C JX_LOG_LEVEL=error git checkout master
DEBUG: ran git checkout master in 
DEBUG: LC_ALL=C JX_LOG_LEVEL=error git reset --hard 4aab64e8c8c7a6dca7f5c12544acc76214886060
DEBUG: ran git reset --hard 4aab64e8c8c7a6dca7f5c12544acc76214886060 in 
DEBUG: LC_ALL=C JX_LOG_LEVEL=error git clean -fd .
DEBUG: ran clean --force -d . in 
DEBUG: LC_ALL=C JX_LOG_LEVEL=error git merge c78996de94edf01f523818e9352ede29445b3dde
DEBUG: ran git merge c78996de94edf01f523818e9352ede29445b3dde in 
DEBUG: LC_ALL=C JX_LOG_LEVEL=error git log --format=%H%x1f%an%x1f%ae%x1f%cn%x1f%ce%x1f%s%n%b%x1e 4aab64e8c8c7a6dca7f5c12544acc76214886060..HEAD
Merged SHA c78996de94edf01f523818e9352ede29445b3dde with commit message 'chore(deps): bump https://github.com/*******/fmtok8s-agenda from 0.0.10 to 0.0.11' into base branch master

Showing logs for build [32msalaboy-fmtok8s-kubecon-app-pr-k69wj-1[0m stage [32mfrom-build-pack[0m and container [32mstep-build-build[0m
cat: /builder/home/basic-auth-user.json: No such file or directory
cat: /builder/home/basic-auth-pass.json: No such file or directory
rm -rf kubecon-app/charts
rm -rf kubecon-app/kubecon-app*.tgz
rm -rf kubecon-app/requirements.lock
helm init --client-only
Creating /builder/home/.helm 
Creating /builder/home/.helm/repository 
Creating /builder/home/.helm/repository/cache 
Creating /builder/home/.helm/repository/local 
Creating /builder/home/.helm/plugins 
Creating /builder/home/.helm/starters 
Creating /builder/home/.helm/cache/archive 
Creating /builder/home/.helm/repository/repositories.yaml 
Adding stable repo with URL: https://kubernetes-charts.storage.googleapis.com 
Adding local repo with URL: http://127.0.0.1:8879/charts 
$HELM_HOME has been configured at /builder/home/.helm.
Not installing Tiller due to 'client-only' flag having been set
helm repo add jenkins-x http://chartmuseum.jenkins-x.io
"jenkins-x" has been added to your repositories
helm repo add releases http://jenkins-x-chartmuseum:8080
"releases" has been added to your repositories
helm dependency build kubecon-app
Hang tight while we grab the latest from your chart repositories...
...Unable to get an update from the "local" chart repository (http://127.0.0.1:8879/charts):
	Get http://127.0.0.1:8879/charts/index.yaml: dial tcp 127.0.0.1:8879: connect: connection refused
...Successfully got an update from the "releases" chart repository
...Successfully got an update from the "jenkins-x" chart repository
...Successfully got an update from the "stable" chart repository
Update Complete.
Saving 4 charts
Downloading fmtok8s-agenda from repo http://jenkins-x-chartmuseum:8080
Downloading fmtok8s-c4p from repo http://jenkins-x-chartmuseum:8080
Downloading fmtok8s-api-gateway from repo http://jenkins-x-chartmuseum:8080
Downloading fmtok8s-email from repo http://jenkins-x-chartmuseum:8080
Deleting outdated charts
helm lint kubecon-app
==> Linting kubecon-app
Lint OK

1 chart(s) linted, no failures
