
Showing logs for build [32msalaboy-fmtok8s-kubecon-app-pr-vqlbv-1[0m stage [32mfrom-build-pack[0m and container [32mstep-credential-initializer-5kp2d[0m
{"level":"warn","ts":1583746892.8783817,"logger":"fallback-logger","caller":"logging/config.go:69","msg":"Fetch GitHub commit ID from kodata failed: \"ref: refs/heads/0.8.0-**-support-backwards-incompats\" is not a valid GitHub commit ID"}
{"level":"info","ts":1583746892.8789465,"logger":"fallback-logger","caller":"creds-init/main.go:40","msg":"Credentials initialized."}

Showing logs for build [32msalaboy-fmtok8s-kubecon-app-pr-vqlbv-1[0m stage [32mfrom-build-pack[0m and container [32mstep-working-dir-initializer-mggcl[0m
{"level":"warn","ts":1583746893.8861837,"logger":"fallback-logger","caller":"logging/config.go:69","msg":"Fetch GitHub commit ID from kodata failed: open /var/run/ko/HEAD: no such file or directory"}
{"level":"info","ts":1583746893.9107833,"logger":"fallback-logger","caller":"bash/main.go:64","msg":"Successfully executed command \"sh -c mkdir -p /workspace/source\"; output "}

Showing logs for build [32msalaboy-fmtok8s-kubecon-app-pr-vqlbv-1[0m stage [32mfrom-build-pack[0m and container [32mstep-place-tools[0m

Showing logs for build [32msalaboy-fmtok8s-kubecon-app-pr-vqlbv-1[0m stage [32mfrom-build-pack[0m and container [32mstep-git-source-salaboy-fmtok8s-kubecon-app-pr-vqlbv-ssgp6[0m
{"level":"warn","ts":1583746897.8530464,"logger":"fallback-logger","caller":"logging/config.go:69","msg":"Fetch GitHub commit ID from kodata failed: \"ref: refs/heads/0.8.0-**-support-backwards-incompats\" is not a valid GitHub commit ID"}
{"level":"info","ts":1583746899.106487,"logger":"fallback-logger","caller":"git/git.go:103","msg":"Successfully cloned https://github.com/*******/fmtok8s-kubecon-app.git @ master in path /workspace/source"}

Showing logs for build [32msalaboy-fmtok8s-kubecon-app-pr-vqlbv-1[0m stage [32mfrom-build-pack[0m and container [32mstep-git-merge[0m
Using SHAs from PULL_REFS=master:f2b7f5d7940f88e0e3621587d447177a4d33078a,13:e8ebafbe69d9a4d46ca7f758e1c991fb2d7c4d3f
DEBUG: LC_ALL=C JX_LOG_LEVEL=error git fetch origin --unshallow e8ebafbe69d9a4d46ca7f758e1c991fb2d7c4d3f: f2b7f5d7940f88e0e3621587d447177a4d33078a:
DEBUG: ran git fetch --unshallow origin e8ebafbe69d9a4d46ca7f758e1c991fb2d7c4d3f: f2b7f5d7940f88e0e3621587d447177a4d33078a: in 
DEBUG: LC_ALL=C JX_LOG_LEVEL=error git branch
DEBUG: JX_LOG_LEVEL=error LC_ALL=C git checkout master
DEBUG: ran git checkout master in 
DEBUG: LC_ALL=C JX_LOG_LEVEL=error git reset --hard f2b7f5d7940f88e0e3621587d447177a4d33078a
DEBUG: ran git reset --hard f2b7f5d7940f88e0e3621587d447177a4d33078a in 
DEBUG: LC_ALL=C JX_LOG_LEVEL=error git clean -fd .
DEBUG: ran clean --force -d . in 
DEBUG: LC_ALL=C JX_LOG_LEVEL=error git merge e8ebafbe69d9a4d46ca7f758e1c991fb2d7c4d3f
DEBUG: ran git merge e8ebafbe69d9a4d46ca7f758e1c991fb2d7c4d3f in 
DEBUG: LC_ALL=C JX_LOG_LEVEL=error git log --format=%H%x1f%an%x1f%ae%x1f%cn%x1f%ce%x1f%s%n%b%x1e f2b7f5d7940f88e0e3621587d447177a4d33078a..HEAD
Merged SHA e8ebafbe69d9a4d46ca7f758e1c991fb2d7c4d3f with commit message 'chore(deps): bump https://github.com/*******/fmtok8s-api-gateway from 0.0.34 to 0.0.35' into base branch master

Showing logs for build [32msalaboy-fmtok8s-kubecon-app-pr-vqlbv-1[0m stage [32mfrom-build-pack[0m and container [32mstep-build-build[0m
cat: /builder/home/basic-auth-user.json: No such file or directory
cat: /builder/home/basic-auth-pass.json: No such file or directory
rm -rf kubecon-app/charts
rm -rf kubecon-app/kubecon-app*.tgz
rm -rf kubecon-app/requirements.lock
helm init --client-only
Creating /builder/home/.helm 
Creating /builder/home/.helm/repository 
Creating /builder/home/.helm/repository/cache 
Creating /builder/home/.helm/repository/local 
Creating /builder/home/.helm/plugins 
Creating /builder/home/.helm/starters 
Creating /builder/home/.helm/cache/archive 
Creating /builder/home/.helm/repository/repositories.yaml 
Adding stable repo with URL: https://kubernetes-charts.storage.googleapis.com 
Adding local repo with URL: http://127.0.0.1:8879/charts 
$HELM_HOME has been configured at /builder/home/.helm.
Not installing Tiller due to 'client-only' flag having been set
helm repo add jenkins-x http://chartmuseum.jenkins-x.io
"jenkins-x" has been added to your repositories
helm repo add zeebe http://helm.zeebe.io
"zeebe" has been added to your repositories
helm repo add releases http://jenkins-x-chartmuseum:8080
"releases" has been added to your repositories
helm dependency build kubecon-app
Hang tight while we grab the latest from your chart repositories...
...Unable to get an update from the "local" chart repository (http://127.0.0.1:8879/charts):
	Get http://127.0.0.1:8879/charts/index.yaml: dial tcp 127.0.0.1:8879: connect: connection refused
...Successfully got an update from the "releases" chart repository
...Successfully got an update from the "zeebe" chart repository
...Successfully got an update from the "stable" chart repository
...Successfully got an update from the "jenkins-x" chart repository
Update Complete.
Saving 7 charts
Downloading fmtok8s-agenda from repo http://jenkins-x-chartmuseum:8080
Downloading fmtok8s-c4p from repo http://jenkins-x-chartmuseum:8080
Downloading fmtok8s-api-gateway from repo http://jenkins-x-chartmuseum:8080
Downloading fmtok8s-email from repo http://jenkins-x-chartmuseum:8080
Downloading fmtok8s-tests from repo http://jenkins-x-chartmuseum:8080
Downloading zeebe-cluster from repo http://helm.zeebe.io
Downloading zeebe-operate from repo http://helm.zeebe.io
Deleting outdated charts
helm lint kubecon-app
==> Linting kubecon-app
Lint OK

1 chart(s) linted, no failures
